# JRE version: Java(TM) SE Runtime Environment (22.0.1+8) (build 22.0.1+8-16)
# Java VM: Java HotSpot(TM) 64-Bit Server VM (22.0.1+8-16, mixed mode, sharing, tiered, compressed oops, compressed class ptrs, g1 gc, windows-amd64)
GC Precious Log:
 CardTable entry size: 512
 Card Set container configuration: InlinePtr #cards 4 size 8 Array Of Cards #cards 32 size 80 Howl #buckets 8 coarsen threshold 7372 Howl Bitmap #cards 1024 size 144 coarsen threshold 921 Card regions per heap region 1 cards per card region 8192
 CPUs: 8 total, 8 available
 Memory: 32161M
 Large Page Support: Disabled
 NUMA Support: Disabled
 Compressed Oops: Enabled (Zero based)
 Heap Region Size: 4M
 Heap Min Capacity: 8M
 Heap Initial Capacity: 504M
 Heap Max Capacity: 8044M
 Pre-touch: Disabled
 Parallel Workers: 8
 Concurrent Workers: 2
 Concurrent Refinement Workers: 8
 Periodic GC: Disabled
Heap:
 garbage-first heap   total reserved 8237056K, committed 204800K, used 128093K [0x0000000609400000, 0x0000000800000000)
  region size 4096K, 18 young (73728K), 1 survivors (4096K)
 Metaspace       used 55963K, committed 56512K, reserved 1114112K
  class space    used 6145K, committed 6400K, reserved 1048576K
GC Heap History (20 events):
Event: 87.411 GC heap before
{Heap before GC invocations=30 (full 0):
 garbage-first heap   total reserved 8237056K, committed 184320K, used 162928K [0x0000000609400000, 0x0000000800000000)
  region size 4096K, 24 young (98304K), 1 survivors (4096K)
 Metaspace       used 55866K, committed 56448K, reserved 1114112K
  class space    used 6146K, committed 6400K, reserved 1048576K
}
Event: 87.414 GC heap after
{Heap after GC invocations=31 (full 0):
 garbage-first heap   total reserved 8237056K, committed 184320K, used 68381K [0x0000000609400000, 0x0000000800000000)
  region size 4096K, 1 young (4096K), 1 survivors (4096K)
 Metaspace       used 55866K, committed 56448K, reserved 1114112K
  class space    used 6146K, committed 6400K, reserved 1048576K
}
Event: 87.512 GC heap before
{Heap before GC invocations=31 (full 0):
 garbage-first heap   total reserved 8237056K, committed 184320K, used 162589K [0x0000000609400000, 0x0000000800000000)
  region size 4096K, 24 young (98304K), 1 survivors (4096K)
 Metaspace       used 55884K, committed 56448K, reserved 1114112K
  class space    used 6146K, committed 6400K, reserved 1048576K
}
Event: 87.514 GC heap after
{Heap after GC invocations=32 (full 0):
 garbage-first heap   total reserved 8237056K, committed 184320K, used 71821K [0x0000000609400000, 0x0000000800000000)
  region size 4096K, 1 young (4096K), 1 survivors (4096K)
 Metaspace       used 55884K, committed 56448K, reserved 1114112K
  class space    used 6146K, committed 6400K, reserved 1048576K
}
Event: 87.608 GC heap before
{Heap before GC invocations=32 (full 0):
 garbage-first heap   total reserved 8237056K, committed 184320K, used 157837K [0x0000000609400000, 0x0000000800000000)
  region size 4096K, 23 young (94208K), 1 survivors (4096K)
 Metaspace       used 55891K, committed 56448K, reserved 1114112K
  class space    used 6146K, committed 6400K, reserved 1048576K
}
Event: 87.610 GC heap after
{Heap after GC invocations=33 (full 0):
 garbage-first heap   total reserved 8237056K, committed 184320K, used 56866K [0x0000000609400000, 0x0000000800000000)
  region size 4096K, 1 young (4096K), 1 survivors (4096K)
 Metaspace       used 55891K, committed 56448K, reserved 1114112K
  class space    used 6146K, committed 6400K, reserved 1048576K
}
Event: 87.707 GC heap before
{Heap before GC invocations=33 (full 0):
 garbage-first heap   total reserved 8237056K, committed 184320K, used 159266K [0x0000000609400000, 0x0000000800000000)
  region size 4096K, 27 young (110592K), 1 survivors (4096K)
 Metaspace       used 55896K, committed 56448K, reserved 1114112K
  class space    used 6146K, committed 6400K, reserved 1048576K
}
Event: 87.709 GC heap after
{Heap after GC invocations=34 (full 0):
 garbage-first heap   total reserved 8237056K, committed 184320K, used 63006K [0x0000000609400000, 0x0000000800000000)
  region size 4096K, 1 young (4096K), 1 survivors (4096K)
 Metaspace       used 55896K, committed 56448K, reserved 1114112K
  class space    used 6146K, committed 6400K, reserved 1048576K
}
Event: 87.832 GC heap before
{Heap before GC invocations=35 (full 0):
 garbage-first heap   total reserved 8237056K, committed 184320K, used 165406K [0x0000000609400000, 0x0000000800000000)
  region size 4096K, 26 young (106496K), 1 survivors (4096K)
 Metaspace       used 55907K, committed 56448K, reserved 1114112K
  class space    used 6146K, committed 6400K, reserved 1048576K
}
Event: 87.834 GC heap after
{Heap after GC invocations=36 (full 0):
 garbage-first heap   total reserved 8237056K, committed 184320K, used 63732K [0x0000000609400000, 0x0000000800000000)
  region size 4096K, 1 young (4096K), 1 survivors (4096K)
 Metaspace       used 55907K, committed 56448K, reserved 1114112K
  class space    used 6146K, committed 6400K, reserved 1048576K
}
Event: 87.928 GC heap before
{Heap before GC invocations=36 (full 0):
 garbage-first heap   total reserved 8237056K, committed 184320K, used 166132K [0x0000000609400000, 0x0000000800000000)
  region size 4096K, 26 young (106496K), 1 survivors (4096K)
 Metaspace       used 55908K, committed 56448K, reserved 1114112K
  class space    used 6146K, committed 6400K, reserved 1048576K
}
Event: 87.930 GC heap after
{Heap after GC invocations=37 (full 0):
 garbage-first heap   total reserved 8237056K, committed 221184K, used 62520K [0x0000000609400000, 0x0000000800000000)
  region size 4096K, 1 young (4096K), 1 survivors (4096K)
 Metaspace       used 55908K, committed 56448K, reserved 1114112K
  class space    used 6146K, committed 6400K, reserved 1048576K
}
Event: 88.054 GC heap before
{Heap before GC invocations=37 (full 0):
 garbage-first heap   total reserved 8237056K, committed 221184K, used 189496K [0x0000000609400000, 0x0000000800000000)
  region size 4096K, 32 young (131072K), 1 survivors (4096K)
 Metaspace       used 55936K, committed 56448K, reserved 1114112K
  class space    used 6146K, committed 6400K, reserved 1048576K
}
Event: 88.055 GC heap after
{Heap after GC invocations=38 (full 0):
 garbage-first heap   total reserved 8237056K, committed 221184K, used 58450K [0x0000000609400000, 0x0000000800000000)
  region size 4096K, 1 young (4096K), 1 survivors (4096K)
 Metaspace       used 55936K, committed 56448K, reserved 1114112K
  class space    used 6146K, committed 6400K, reserved 1048576K
}
Event: 88.183 GC heap before
{Heap before GC invocations=39 (full 0):
 garbage-first heap   total reserved 8237056K, committed 204800K, used 177234K [0x0000000609400000, 0x0000000800000000)
  region size 4096K, 30 young (122880K), 1 survivors (4096K)
 Metaspace       used 55939K, committed 56448K, reserved 1114112K
  class space    used 6146K, committed 6400K, reserved 1048576K
}
Event: 88.185 GC heap after
{Heap after GC invocations=40 (full 0):
 garbage-first heap   total reserved 8237056K, committed 204800K, used 58571K [0x0000000609400000, 0x0000000800000000)
  region size 4096K, 1 young (4096K), 1 survivors (4096K)
 Metaspace       used 55939K, committed 56448K, reserved 1114112K
  class space    used 6146K, committed 6400K, reserved 1048576K
}
Event: 88.301 GC heap before
{Heap before GC invocations=40 (full 0):
 garbage-first heap   total reserved 8237056K, committed 204800K, used 177355K [0x0000000609400000, 0x0000000800000000)
  region size 4096K, 30 young (122880K), 1 survivors (4096K)
 Metaspace       used 55950K, committed 56512K, reserved 1114112K
  class space    used 6146K, committed 6400K, reserved 1048576K
}
Event: 88.303 GC heap after
{Heap after GC invocations=41 (full 0):
 garbage-first heap   total reserved 8237056K, committed 204800K, used 59640K [0x0000000609400000, 0x0000000800000000)
  region size 4096K, 1 young (4096K), 1 survivors (4096K)
 Metaspace       used 55950K, committed 56512K, reserved 1114112K
  class space    used 6146K, committed 6400K, reserved 1048576K
}
Event: 88.418 GC heap before
{Heap before GC invocations=41 (full 0):
 garbage-first heap   total reserved 8237056K, committed 204800K, used 178424K [0x0000000609400000, 0x0000000800000000)
  region size 4096K, 30 young (122880K), 1 survivors (4096K)
 Metaspace       used 55960K, committed 56512K, reserved 1114112K
  class space    used 6146K, committed 6400K, reserved 1048576K
}
Event: 88.419 GC heap after
{Heap after GC invocations=42 (full 0):
 garbage-first heap   total reserved 8237056K, committed 204800K, used 62557K [0x0000000609400000, 0x0000000800000000)
  region size 4096K, 1 young (4096K), 1 survivors (4096K)
 Metaspace       used 55960K, committed 56512K, reserved 1114112K
  class space    used 6146K, committed 6400K, reserved 1048576K
}

